2025-01-26 15:36:50,517 - CRITICAL - Critical error: 'TherapyApp' object has no attribute 'add_disclaimer'
2025-01-26 15:41:29,211 - INFO - HTTP Request: GET https://api.elevenlabs.io/v1/voices "HTTP/1.1 200 OK"
2025-01-26 15:41:29,542 - INFO - HTTP Request: POST https://api.elevenlabs.io/v1/text-to-speech/9BWtsMINqrJLrRacOk9x?optimize_streaming_latency=1&output_format=mp3_44100_128 "HTTP/1.1 401 Unauthorized"
2025-01-26 15:41:29,543 - ERROR - TTS Error: status_code: 401, body: {'detail': {'status': 'needs_authorization', 'message': 'Neither authorization header nor xi-api-key received, please provide one.'}}
2025-01-26 15:41:41,691 - INFO - HTTP Request: GET https://api.elevenlabs.io/v1/voices "HTTP/1.1 200 OK"
2025-01-26 15:41:42,023 - INFO - HTTP Request: POST https://api.elevenlabs.io/v1/text-to-speech/9BWtsMINqrJLrRacOk9x?optimize_streaming_latency=1&output_format=mp3_44100_128 "HTTP/1.1 401 Unauthorized"
2025-01-26 15:41:42,024 - ERROR - TTS Error: status_code: 401, body: {'detail': {'status': 'needs_authorization', 'message': 'Neither authorization header nor xi-api-key received, please provide one.'}}
2025-01-26 15:43:31,898 - INFO - HTTP Request: GET https://api.elevenlabs.io/v1/voices "HTTP/1.1 200 OK"
2025-01-26 15:43:34,199 - INFO - HTTP Request: POST https://api.elevenlabs.io/v1/text-to-speech/9BWtsMINqrJLrRacOk9x?optimize_streaming_latency=1&output_format=mp3_44100_128 "HTTP/1.1 200 OK"
2025-01-26 15:43:54,747 - INFO - HTTP Request: GET https://api.elevenlabs.io/v1/voices "HTTP/1.1 200 OK"
2025-01-26 15:43:56,963 - INFO - HTTP Request: POST https://api.elevenlabs.io/v1/text-to-speech/9BWtsMINqrJLrRacOk9x?optimize_streaming_latency=1&output_format=mp3_44100_128 "HTTP/1.1 200 OK"
2025-01-26 15:55:51,905 - INFO - HTTP Request: GET https://api.elevenlabs.io/v1/voices "HTTP/1.1 200 OK"
2025-01-26 15:55:54,035 - INFO - HTTP Request: POST https://api.elevenlabs.io/v1/text-to-speech/9BWtsMINqrJLrRacOk9x?optimize_streaming_latency=1&output_format=mp3_44100_128 "HTTP/1.1 200 OK"
2025-01-26 15:56:12,700 - INFO - HTTP Request: GET https://api.elevenlabs.io/v1/voices "HTTP/1.1 200 OK"
2025-01-26 15:56:15,034 - INFO - HTTP Request: POST https://api.elevenlabs.io/v1/text-to-speech/9BWtsMINqrJLrRacOk9x?optimize_streaming_latency=1&output_format=mp3_44100_128 "HTTP/1.1 200 OK"
2025-01-26 15:56:34,826 - INFO - HTTP Request: GET https://api.elevenlabs.io/v1/voices "HTTP/1.1 200 OK"
2025-01-26 15:56:36,011 - INFO - HTTP Request: POST https://api.elevenlabs.io/v1/text-to-speech/9BWtsMINqrJLrRacOk9x?optimize_streaming_latency=1&output_format=mp3_44100_128 "HTTP/1.1 200 OK"
2025-01-26 16:01:17,108 - INFO - HTTP Request: GET https://api.elevenlabs.io/v1/voices "HTTP/1.1 200 OK"
2025-01-26 16:01:18,761 - INFO - HTTP Request: POST https://api.elevenlabs.io/v1/text-to-speech/9BWtsMINqrJLrRacOk9x?optimize_streaming_latency=1&output_format=mp3_44100_128 "HTTP/1.1 200 OK"
2025-01-26 16:01:20,836 - INFO - HTTP Request: GET https://api.elevenlabs.io/v1/voices "HTTP/1.1 200 OK"
2025-01-26 16:01:23,133 - INFO - HTTP Request: POST https://api.elevenlabs.io/v1/text-to-speech/9BWtsMINqrJLrRacOk9x?optimize_streaming_latency=1&output_format=mp3_44100_128 "HTTP/1.1 200 OK"
2025-01-26 16:01:23,423 - INFO - HTTP Request: GET https://api.elevenlabs.io/v1/voices "HTTP/1.1 200 OK"
2025-01-26 16:01:25,138 - INFO - HTTP Request: POST https://api.elevenlabs.io/v1/text-to-speech/9BWtsMINqrJLrRacOk9x?optimize_streaming_latency=1&output_format=mp3_44100_128 "HTTP/1.1 200 OK"
2025-01-26 16:01:28,003 - INFO - HTTP Request: GET https://api.elevenlabs.io/v1/voices "HTTP/1.1 200 OK"
2025-01-26 16:01:30,149 - INFO - HTTP Request: POST https://api.elevenlabs.io/v1/text-to-speech/9BWtsMINqrJLrRacOk9x?optimize_streaming_latency=1&output_format=mp3_44100_128 "HTTP/1.1 200 OK"
2025-01-26 16:01:33,198 - INFO - HTTP Request: GET https://api.elevenlabs.io/v1/voices "HTTP/1.1 200 OK"
2025-01-26 16:03:39,375 - INFO - HTTP Request: GET https://api.elevenlabs.io/v1/voices "HTTP/1.1 200 OK"
2025-01-26 16:03:41,346 - INFO - HTTP Request: POST https://api.elevenlabs.io/v1/text-to-speech/9BWtsMINqrJLrRacOk9x?optimize_streaming_latency=1&output_format=mp3_44100_128 "HTTP/1.1 200 OK"
2025-01-26 16:04:00,451 - INFO - HTTP Request: GET https://api.elevenlabs.io/v1/voices "HTTP/1.1 200 OK"
2025-01-26 16:04:03,107 - INFO - HTTP Request: POST https://api.elevenlabs.io/v1/text-to-speech/9BWtsMINqrJLrRacOk9x?optimize_streaming_latency=1&output_format=mp3_44100_128 "HTTP/1.1 200 OK"
2025-01-26 16:21:10,020 - INFO - HTTP Request: GET https://api.elevenlabs.io/v1/voices "HTTP/1.1 200 OK"
2025-01-26 16:21:12,605 - INFO - HTTP Request: POST https://api.elevenlabs.io/v1/text-to-speech/pFZP5JQG7iQjIQuC4Bku?optimize_streaming_latency=1&output_format=mp3_44100_128 "HTTP/1.1 200 OK"
2025-01-26 16:21:29,657 - INFO - HTTP Request: GET https://api.elevenlabs.io/v1/voices "HTTP/1.1 200 OK"
2025-01-26 16:21:31,005 - INFO - HTTP Request: POST https://api.elevenlabs.io/v1/text-to-speech/pFZP5JQG7iQjIQuC4Bku?optimize_streaming_latency=1&output_format=mp3_44100_128 "HTTP/1.1 200 OK"
2025-01-26 16:21:41,609 - INFO - HTTP Request: GET https://api.elevenlabs.io/v1/voices "HTTP/1.1 200 OK"
2025-01-26 16:21:43,144 - INFO - HTTP Request: POST https://api.elevenlabs.io/v1/text-to-speech/pFZP5JQG7iQjIQuC4Bku?optimize_streaming_latency=1&output_format=mp3_44100_128 "HTTP/1.1 200 OK"
2025-01-26 16:21:58,435 - INFO - HTTP Request: GET https://api.elevenlabs.io/v1/voices "HTTP/1.1 200 OK"
2025-01-26 16:21:59,373 - INFO - HTTP Request: POST https://api.elevenlabs.io/v1/text-to-speech/pFZP5JQG7iQjIQuC4Bku?optimize_streaming_latency=1&output_format=mp3_44100_128 "HTTP/1.1 200 OK"
2025-01-26 16:22:08,129 - INFO - HTTP Request: GET https://api.elevenlabs.io/v1/voices "HTTP/1.1 200 OK"
2025-01-26 16:22:09,850 - INFO - HTTP Request: POST https://api.elevenlabs.io/v1/text-to-speech/pFZP5JQG7iQjIQuC4Bku?optimize_streaming_latency=1&output_format=mp3_44100_128 "HTTP/1.1 200 OK"
2025-01-26 16:22:19,745 - INFO - HTTP Request: GET https://api.elevenlabs.io/v1/voices "HTTP/1.1 200 OK"
2025-01-26 16:22:20,673 - INFO - HTTP Request: POST https://api.elevenlabs.io/v1/text-to-speech/pFZP5JQG7iQjIQuC4Bku?optimize_streaming_latency=1&output_format=mp3_44100_128 "HTTP/1.1 200 OK"
2025-01-26 16:22:29,160 - INFO - HTTP Request: GET https://api.elevenlabs.io/v1/voices "HTTP/1.1 200 OK"
2025-01-26 16:22:31,566 - INFO - HTTP Request: POST https://api.elevenlabs.io/v1/text-to-speech/pFZP5JQG7iQjIQuC4Bku?optimize_streaming_latency=1&output_format=mp3_44100_128 "HTTP/1.1 200 OK"
2025-01-26 16:42:49,332 - INFO - HTTP Request: GET https://api.elevenlabs.io/v1/voices "HTTP/1.1 200 OK"
2025-01-26 16:42:50,508 - INFO - HTTP Request: POST https://api.elevenlabs.io/v1/text-to-speech/pFZP5JQG7iQjIQuC4Bku?optimize_streaming_latency=1&output_format=mp3_44100_128 "HTTP/1.1 200 OK"
2025-01-26 16:42:57,386 - INFO - HTTP Request: GET https://api.elevenlabs.io/v1/voices "HTTP/1.1 200 OK"
2025-01-26 16:42:58,383 - INFO - HTTP Request: POST https://api.elevenlabs.io/v1/text-to-speech/pFZP5JQG7iQjIQuC4Bku?optimize_streaming_latency=1&output_format=mp3_44100_128 "HTTP/1.1 200 OK"
2025-01-26 16:43:28,336 - INFO - HTTP Request: GET https://api.elevenlabs.io/v1/voices "HTTP/1.1 200 OK"
2025-01-26 16:43:29,289 - INFO - HTTP Request: POST https://api.elevenlabs.io/v1/text-to-speech/pFZP5JQG7iQjIQuC4Bku?optimize_streaming_latency=1&output_format=mp3_44100_128 "HTTP/1.1 200 OK"
2025-01-26 16:43:55,245 - INFO - HTTP Request: GET https://api.elevenlabs.io/v1/voices "HTTP/1.1 200 OK"
2025-01-26 16:43:57,269 - INFO - HTTP Request: POST https://api.elevenlabs.io/v1/text-to-speech/pFZP5JQG7iQjIQuC4Bku?optimize_streaming_latency=1&output_format=mp3_44100_128 "HTTP/1.1 200 OK"
2025-01-28 21:43:37,079 - INFO - HTTP Request: GET https://api.elevenlabs.io/v1/voices "HTTP/1.1 200 OK"
2025-01-28 21:43:39,051 - INFO - HTTP Request: POST https://api.elevenlabs.io/v1/text-to-speech/pFZP5JQG7iQjIQuC4Bku?optimize_streaming_latency=1&output_format=mp3_44100_128 "HTTP/1.1 200 OK"
2025-01-28 21:43:57,884 - INFO - HTTP Request: GET https://api.elevenlabs.io/v1/voices "HTTP/1.1 200 OK"
2025-01-28 21:44:00,161 - INFO - HTTP Request: POST https://api.elevenlabs.io/v1/text-to-speech/pFZP5JQG7iQjIQuC4Bku?optimize_streaming_latency=1&output_format=mp3_44100_128 "HTTP/1.1 200 OK"
2025-01-28 21:44:03,744 - INFO - HTTP Request: GET https://api.elevenlabs.io/v1/voices "HTTP/1.1 200 OK"
2025-01-28 21:44:05,512 - INFO - HTTP Request: POST https://api.elevenlabs.io/v1/text-to-speech/pFZP5JQG7iQjIQuC4Bku?optimize_streaming_latency=1&output_format=mp3_44100_128 "HTTP/1.1 200 OK"
2025-01-28 23:26:11,678 - INFO - HTTP Request: GET https://api.elevenlabs.io/v1/voices "HTTP/1.1 200 OK"
2025-01-28 23:26:13,379 - INFO - HTTP Request: POST https://api.elevenlabs.io/v1/text-to-speech/pFZP5JQG7iQjIQuC4Bku?optimize_streaming_latency=1&output_format=mp3_44100_128 "HTTP/1.1 200 OK"
2025-01-28 23:28:34,306 - INFO - HTTP Request: GET https://api.elevenlabs.io/v1/voices "HTTP/1.1 200 OK"
2025-01-28 23:28:36,285 - INFO - HTTP Request: POST https://api.elevenlabs.io/v1/text-to-speech/pFZP5JQG7iQjIQuC4Bku?optimize_streaming_latency=1&output_format=mp3_44100_128 "HTTP/1.1 200 OK"
2025-01-28 23:29:30,273 - INFO - HTTP Request: GET https://api.elevenlabs.io/v1/voices "HTTP/1.1 200 OK"
2025-01-28 23:29:32,456 - INFO - HTTP Request: POST https://api.elevenlabs.io/v1/text-to-speech/pFZP5JQG7iQjIQuC4Bku?optimize_streaming_latency=1&output_format=mp3_44100_128 "HTTP/1.1 200 OK"
2025-01-29 00:06:54,765 - INFO - HTTP Request: GET https://api.elevenlabs.io/v1/voices "HTTP/1.1 200 OK"
2025-01-29 00:06:56,495 - INFO - HTTP Request: POST https://api.elevenlabs.io/v1/text-to-speech/pFZP5JQG7iQjIQuC4Bku?optimize_streaming_latency=1&output_format=mp3_44100_128 "HTTP/1.1 200 OK"
2025-01-29 00:07:15,212 - INFO - HTTP Request: GET https://api.elevenlabs.io/v1/voices "HTTP/1.1 200 OK"
2025-01-29 00:07:17,751 - INFO - HTTP Request: POST https://api.elevenlabs.io/v1/text-to-speech/pFZP5JQG7iQjIQuC4Bku?optimize_streaming_latency=1&output_format=mp3_44100_128 "HTTP/1.1 200 OK"
2025-01-29 00:07:36,600 - INFO - HTTP Request: GET https://api.elevenlabs.io/v1/voices "HTTP/1.1 200 OK"
2025-01-29 00:07:38,765 - INFO - HTTP Request: POST https://api.elevenlabs.io/v1/text-to-speech/pFZP5JQG7iQjIQuC4Bku?optimize_streaming_latency=1&output_format=mp3_44100_128 "HTTP/1.1 200 OK"
2025-01-29 00:07:56,772 - INFO - HTTP Request: GET https://api.elevenlabs.io/v1/voices "HTTP/1.1 200 OK"
2025-01-29 00:07:58,928 - INFO - HTTP Request: POST https://api.elevenlabs.io/v1/text-to-speech/pFZP5JQG7iQjIQuC4Bku?optimize_streaming_latency=1&output_format=mp3_44100_128 "HTTP/1.1 200 OK"
2025-01-29 00:08:10,548 - INFO - HTTP Request: GET https://api.elevenlabs.io/v1/voices "HTTP/1.1 200 OK"
2025-01-29 00:08:11,858 - INFO - HTTP Request: POST https://api.elevenlabs.io/v1/text-to-speech/pFZP5JQG7iQjIQuC4Bku?optimize_streaming_latency=1&output_format=mp3_44100_128 "HTTP/1.1 200 OK"
2025-01-29 00:08:22,346 - INFO - HTTP Request: GET https://api.elevenlabs.io/v1/voices "HTTP/1.1 200 OK"
2025-01-29 00:08:24,474 - INFO - HTTP Request: POST https://api.elevenlabs.io/v1/text-to-speech/pFZP5JQG7iQjIQuC4Bku?optimize_streaming_latency=1&output_format=mp3_44100_128 "HTTP/1.1 200 OK"
